{"nbformat":4,"nbformat_minor":0,"metadata":{"colab":{"name":"Untitled","provenance":[],"collapsed_sections":[],"mount_file_id":"1CmzuPwxDVdT1N1SjSsDjlhtUitGnt7GZ","authorship_tag":"ABX9TyPy7CPSnpZR2cb89ndXDcxs"},"kernelspec":{"name":"python3","display_name":"Python 3"},"language_info":{"name":"python"}},"cells":[{"cell_type":"code","execution_count":11,"metadata":{"id":"fXAzU9r5RJct","executionInfo":{"status":"ok","timestamp":1647399802168,"user_tz":-360,"elapsed":413,"user":{"displayName":"Md.Mahmud Kabir","photoUrl":"https://lh3.googleusercontent.com/a-/AOh14Gj6iMYWIyzfBNts-HyaD0dMqPJZSfeIR6QL8Ygs3w=s64","userId":"04369464436773508282"}}},"outputs":[],"source":["def passwordvalidity():\n","  password=input(\"enter your password: \")\n","  flag=0\n","  check=\"PAS\"\n","  check1=password[0:3]\n","  flag=0\n","  count=0\n","  size=len(password)\n","  if(check1==check):\n","    if(len(password)>10):\n","      for i in (password):\n","        if((i >= 'a' and i <= 'z') or (i >= 'A' and i <= 'Z')or (i >= '0' and i <= '9')):\n","          count=count\n","        else:\n","          count=count+1\n","      if(count>0):\n","        for i in range (size-1):\n","          if password[i]==password[i+1]:\n","            flag=1\n","          else:\n","            flag=flag\n","      else:\n","        flag=1\n","    else:\n","      flag=1\n","  else:\n","    flag=1\n","  if(flag==0):\n","    print(\"password is valid\")\n","  else:\n","    print(\"PAssword is invalid\")\n","\n"]},{"cell_type":"code","source":["def compareemail():\n","  value=input(\"Enter your mail: \")\n","  v1=value.split(\"@\")\n","  v2=v1[1]\n","  uiu1=\"cse.uiu.ac.bd\"\n","  uiu2=\"eee.uiu.ac.bd\"\n","  uiu3=\"bba.uiu.ac.bd\"\n","  if(v2==uiu1 or v2== uiu2 or v2==uiu3):\n","    print(\"valid faculty mail\")\n","  else:\n","    print(\"invalid mail\")\n"],"metadata":{"id":"UumChbZDR9WP","executionInfo":{"status":"ok","timestamp":1647399899490,"user_tz":-360,"elapsed":455,"user":{"displayName":"Md.Mahmud Kabir","photoUrl":"https://lh3.googleusercontent.com/a-/AOh14Gj6iMYWIyzfBNts-HyaD0dMqPJZSfeIR6QL8Ygs3w=s64","userId":"04369464436773508282"}}},"execution_count":12,"outputs":[]},{"cell_type":"code","source":["def stringcheck():\n","  string1=input(\"Enter a string: \")\n","  flag2=0\n","  j=6\n","  length=len(string1)\n","  namecheck=string1[0:6]\n","  if (namecheck==\"MAHMUD\"):\n","\n","    string2=string1[j:length]\n","    string2_len=len(string2)\n","    if(string2_len==8):\n","      if(string1[j]=='3'):\n","        if(string2[1]>='0' and string2[1]<='9' ) and (string2[2]>='0' and string2[2]<='9' ):\n","          string3=string2[3:6:]\n","          if(string3==\"COM\" or string3==\"UIU\" or string3==\"CSE\"):\n","            if(string2[6]=='+' or string2[6]=='-'):\n","              if(string2[7]>='a' and string2[7]<='z'):\n","                 flag2=flag2\n","              else:\n","                flag2=1\n","            else:\n","              flag2=1\n","          else:\n","            flag2=1\n","        else:\n","          flag2=1\n","      elif(string1[j]=='4'):\n","        if(string2[1]=='0' and string2[2]=='0' ):\n","          string3=string2[3:6:]\n","          if(string3==\"COM\" or string3==\"UIU\" or string3==\"CSE\"):\n","            if(string2[6]=='+' or string2[6]=='-'):\n","              if(string2[7]>='a' and string2[7]<='z'):\n","                 flag2=flag2\n","              else:\n","                flag2=1\n","            else:\n","              flag2=1\n","          else:\n","            flag2=1\n","        else:\n","          flag2=1\n","      else:\n","        flag2=1\n","    elif(string2_len==7):\n","      if(string1[j]=='3'):\n","        if(string2[1]>='0' and string2[1]<='9' ) and (string2[2]>='0' and string2[2]<='9' ):\n","          string3=string2[3:6:]\n","          if(string3==\"COM\" or string3==\"UIU\" or string3==\"CSE\"):\n","            if(string2[6]>='a' and string2[6]<='z'):\n","              flag2=flag2\n","            else:\n","              flag2=1\n","          else:\n","            flag2=1\n","        else:\n","          flag2=1\n","      elif(string1[j]=='4'):\n","        if(string2[1]=='0' and string2[2]=='0' ):\n","          string3=string2[3:6:]\n","          if(string3==\"COM\" or string3==\"UIU\" or string3==\"CSE\"):\n","            if(string2[6]>='a' and string2[6]<='z'):\n","              flag2=flag2\n","            else:\n","              flag2=1\n","          else:\n","            flag2=1\n","        else:\n","          flag2=1\n","      else:\n","        flag2=1\n","    else:\n","      flag2=1\n","    if(flag2==0):\n","      print(\"valid string\")\n","    else:\n","      print(\"invalid string\")\n","\n","  else:\n","    print(\"Invalid string\")\n"],"metadata":{"id":"oBQqRzyBUikB","executionInfo":{"status":"ok","timestamp":1647399903441,"user_tz":-360,"elapsed":8,"user":{"displayName":"Md.Mahmud Kabir","photoUrl":"https://lh3.googleusercontent.com/a-/AOh14Gj6iMYWIyzfBNts-HyaD0dMqPJZSfeIR6QL8Ygs3w=s64","userId":"04369464436773508282"}}},"execution_count":13,"outputs":[]},{"cell_type":"code","source":["def stringcheck2():\n","  str=input(\"enter your string: \")\n","  length=len(str)\n","  if(length==21):\n","    if(str[0]=='@' or str[0]=='#'):\n","\n","      str1=str[1:4]\n","      count=0\n","      for i in (str1):\n","        if(i>='0' and i<='9'):\n","          count=count\n","        else:\n","          count=count+1\n","      if(count==0):\n","        str1num=int(str1)\n","        if(str1num % 2==0):\n","          str2=str[4:7]\n","          count2=0\n","          for i in (str2):\n","            if(i>='a' and i<='z'):\n","              count=count\n","            else:\n","              count=count+1\n","          if(count==0):\n","            if str[7]=='0' or str[7]=='1':\n","              if str[8]>='A' and str[8]<='Z':\n","                if(str[9]=='2' and str[10]=='3' and str[11]=='4'):\n","                  str3=str[12:21]\n","                  if(str3==\"gmail.com\"):\n","                    print(\"its Valid......\")\n","                  else:\n","                    print(\"invalid.ending doesn't match\")\n","                else:\n","                  print(\"invalid.id last digit doesn't match\")\n","              else:\n","                print(\"invalid.no capital letter.\")\n","            else:\n","              print(\"invalid.no binary value\") \n","          else:\n","            print(\"invalid.no consecutive small letter.\")\n","\n","        else:\n","          print(\"invalid.not even  decimal.\")\n","      else:\n","        print(\"invalid.not  decimal.\")\n","    else:\n","      print(\"invalid.starting doesn't match\")\n","    \n","  else:\n","    print(\"Invalid\")\n"],"metadata":{"id":"KgKiKAuQbKB8","executionInfo":{"status":"ok","timestamp":1647399448792,"user_tz":-360,"elapsed":533,"user":{"displayName":"Md.Mahmud Kabir","photoUrl":"https://lh3.googleusercontent.com/a-/AOh14Gj6iMYWIyzfBNts-HyaD0dMqPJZSfeIR6QL8Ygs3w=s64","userId":"04369464436773508282"}}},"execution_count":7,"outputs":[]},{"cell_type":"code","source":["def checkid():\n","  id=input(\"Enter your id :\")\n","  numbers=len(id)\n","  if(numbers==9):\n","    id1=id[0:3]\n","    if(id1==\"011\" or id1==\"111\" or id1==\"021\"):\n","      id2=id[3:5]\n","      id2num=int(id2)\n","      if(id2num>=5 and id2num<=22):\n","        if(id[5]=='1' or id[5]=='2' or id[5]=='3'):\n","          id4=id[6:9]\n","          count=0\n","          for i in (id4):\n","            if(i>='0' and i<='9'):\n","              count=count\n","            else:\n","              count=count+1\n","          if(count==0):\n","            print(\"Valid UIU id\")\n","          else:\n","            print(\"Invalid id number\")\n","\n","        else:\n","          print(\"trimester code doesn't match\")\n","      else:\n","        print(\"year code doesn't match\")\n","\n","\n","    else:\n","      print(\"Department code doesn't match\")\n","  else:\n","    print(\"id length doesn't match\")\n"],"metadata":{"id":"fDvdlN0Db9QC","executionInfo":{"status":"ok","timestamp":1647399453867,"user_tz":-360,"elapsed":426,"user":{"displayName":"Md.Mahmud Kabir","photoUrl":"https://lh3.googleusercontent.com/a-/AOh14Gj6iMYWIyzfBNts-HyaD0dMqPJZSfeIR6QL8Ygs3w=s64","userId":"04369464436773508282"}}},"execution_count":8,"outputs":[]},{"cell_type":"code","source":["i=1\n","while(i>0):\n","  print(\"1.VALIDATE PASSWORWD\")\n","  print(\"2.VALIDATE FACULTY MAIL\")\n","  print(\"3.VALIDATE FIRST STRING\")\n","  print(\"4.VALIDATE SECOND STRING\")\n","  print(\"5.VALIDATE UIU ID\")\n","  print(\"6.EXIT\")\n","  choice=input(\"Enter corresponding number of menu to use that specific function: \")\n","  choice=int(choice)\n","  if(choice==1):\n","    passwordvalidity()\n","  elif(choice==2):\n","    compareemail()\n","  elif(choice==3):\n","    stringcheck()\n","  elif(choice==4):\n","    stringcheck2()\n","  elif(choice==5):\n","    checkid()\n","  elif(choice==6):\n","    print(\"You choose to exit\")\n","  else:\n","    print(\"You haven't choose any valid option\")\n","\n","\n","\n"],"metadata":{"colab":{"base_uri":"https://localhost:8080/","height":797},"id":"5_qDHO_4cZp5","executionInfo":{"status":"error","timestamp":1647400104794,"user_tz":-360,"elapsed":54012,"user":{"displayName":"Md.Mahmud Kabir","photoUrl":"https://lh3.googleusercontent.com/a-/AOh14Gj6iMYWIyzfBNts-HyaD0dMqPJZSfeIR6QL8Ygs3w=s64","userId":"04369464436773508282"}},"outputId":"e37e0907-4541-406a-f1a9-0d8774526508"},"execution_count":14,"outputs":[{"output_type":"stream","name":"stdout","text":["1.VALIDATE PASSWORWD\n","2.VALIDATE FACULTY MAIL\n","3.VALIDATE FIRST STRING\n","4.VALIDATE SECOND STRING\n","5.VALIDATE UIU ID\n","6.EXIT\n","Enter corresponding number of menu to use that specific function: 5\n","Enter your id :011151234\n","Valid UIU id\n","1.VALIDATE PASSWORWD\n","2.VALIDATE FACULTY MAIL\n","3.VALIDATE FIRST STRING\n","4.VALIDATE SECOND STRING\n","5.VALIDATE UIU ID\n","6.EXIT\n"]},{"output_type":"error","ename":"KeyboardInterrupt","evalue":"ignored","traceback":["\u001b[0;31m---------------------------------------------------------------------------\u001b[0m","\u001b[0;31mKeyboardInterrupt\u001b[0m                         Traceback (most recent call last)","\u001b[0;32m/usr/local/lib/python3.7/dist-packages/ipykernel/kernelbase.py\u001b[0m in \u001b[0;36m_input_request\u001b[0;34m(self, prompt, ident, parent, password)\u001b[0m\n\u001b[1;32m    728\u001b[0m             \u001b[0;32mtry\u001b[0m\u001b[0;34m:\u001b[0m\u001b[0;34m\u001b[0m\u001b[0;34m\u001b[0m\u001b[0m\n\u001b[0;32m--> 729\u001b[0;31m                 \u001b[0mident\u001b[0m\u001b[0;34m,\u001b[0m \u001b[0mreply\u001b[0m \u001b[0;34m=\u001b[0m \u001b[0mself\u001b[0m\u001b[0;34m.\u001b[0m\u001b[0msession\u001b[0m\u001b[0;34m.\u001b[0m\u001b[0mrecv\u001b[0m\u001b[0;34m(\u001b[0m\u001b[0mself\u001b[0m\u001b[0;34m.\u001b[0m\u001b[0mstdin_socket\u001b[0m\u001b[0;34m,\u001b[0m \u001b[0;36m0\u001b[0m\u001b[0;34m)\u001b[0m\u001b[0;34m\u001b[0m\u001b[0;34m\u001b[0m\u001b[0m\n\u001b[0m\u001b[1;32m    730\u001b[0m             \u001b[0;32mexcept\u001b[0m \u001b[0mException\u001b[0m\u001b[0;34m:\u001b[0m\u001b[0;34m\u001b[0m\u001b[0;34m\u001b[0m\u001b[0m\n","\u001b[0;32m/usr/local/lib/python3.7/dist-packages/jupyter_client/session.py\u001b[0m in \u001b[0;36mrecv\u001b[0;34m(self, socket, mode, content, copy)\u001b[0m\n\u001b[1;32m    802\u001b[0m         \u001b[0;32mtry\u001b[0m\u001b[0;34m:\u001b[0m\u001b[0;34m\u001b[0m\u001b[0;34m\u001b[0m\u001b[0m\n\u001b[0;32m--> 803\u001b[0;31m             \u001b[0mmsg_list\u001b[0m \u001b[0;34m=\u001b[0m \u001b[0msocket\u001b[0m\u001b[0;34m.\u001b[0m\u001b[0mrecv_multipart\u001b[0m\u001b[0;34m(\u001b[0m\u001b[0mmode\u001b[0m\u001b[0;34m,\u001b[0m \u001b[0mcopy\u001b[0m\u001b[0;34m=\u001b[0m\u001b[0mcopy\u001b[0m\u001b[0;34m)\u001b[0m\u001b[0;34m\u001b[0m\u001b[0;34m\u001b[0m\u001b[0m\n\u001b[0m\u001b[1;32m    804\u001b[0m         \u001b[0;32mexcept\u001b[0m \u001b[0mzmq\u001b[0m\u001b[0;34m.\u001b[0m\u001b[0mZMQError\u001b[0m \u001b[0;32mas\u001b[0m \u001b[0me\u001b[0m\u001b[0;34m:\u001b[0m\u001b[0;34m\u001b[0m\u001b[0;34m\u001b[0m\u001b[0m\n","\u001b[0;32m/usr/local/lib/python3.7/dist-packages/zmq/sugar/socket.py\u001b[0m in \u001b[0;36mrecv_multipart\u001b[0;34m(self, flags, copy, track)\u001b[0m\n\u001b[1;32m    624\u001b[0m         \"\"\"\n\u001b[0;32m--> 625\u001b[0;31m         \u001b[0mparts\u001b[0m \u001b[0;34m=\u001b[0m \u001b[0;34m[\u001b[0m\u001b[0mself\u001b[0m\u001b[0;34m.\u001b[0m\u001b[0mrecv\u001b[0m\u001b[0;34m(\u001b[0m\u001b[0mflags\u001b[0m\u001b[0;34m,\u001b[0m \u001b[0mcopy\u001b[0m\u001b[0;34m=\u001b[0m\u001b[0mcopy\u001b[0m\u001b[0;34m,\u001b[0m \u001b[0mtrack\u001b[0m\u001b[0;34m=\u001b[0m\u001b[0mtrack\u001b[0m\u001b[0;34m)\u001b[0m\u001b[0;34m]\u001b[0m\u001b[0;34m\u001b[0m\u001b[0;34m\u001b[0m\u001b[0m\n\u001b[0m\u001b[1;32m    626\u001b[0m         \u001b[0;31m# have first part already, only loop while more to receive\u001b[0m\u001b[0;34m\u001b[0m\u001b[0;34m\u001b[0m\u001b[0;34m\u001b[0m\u001b[0m\n","\u001b[0;32mzmq/backend/cython/socket.pyx\u001b[0m in \u001b[0;36mzmq.backend.cython.socket.Socket.recv\u001b[0;34m()\u001b[0m\n","\u001b[0;32mzmq/backend/cython/socket.pyx\u001b[0m in \u001b[0;36mzmq.backend.cython.socket.Socket.recv\u001b[0;34m()\u001b[0m\n","\u001b[0;32mzmq/backend/cython/socket.pyx\u001b[0m in \u001b[0;36mzmq.backend.cython.socket._recv_copy\u001b[0;34m()\u001b[0m\n","\u001b[0;32m/usr/local/lib/python3.7/dist-packages/zmq/backend/cython/checkrc.pxd\u001b[0m in \u001b[0;36mzmq.backend.cython.checkrc._check_rc\u001b[0;34m()\u001b[0m\n","\u001b[0;31mKeyboardInterrupt\u001b[0m: ","\nDuring handling of the above exception, another exception occurred:\n","\u001b[0;31mKeyboardInterrupt\u001b[0m                         Traceback (most recent call last)","\u001b[0;32m<ipython-input-14-31a2861fa4ca>\u001b[0m in \u001b[0;36m<module>\u001b[0;34m()\u001b[0m\n\u001b[1;32m      7\u001b[0m   \u001b[0mprint\u001b[0m\u001b[0;34m(\u001b[0m\u001b[0;34m\"5.VALIDATE UIU ID\"\u001b[0m\u001b[0;34m)\u001b[0m\u001b[0;34m\u001b[0m\u001b[0;34m\u001b[0m\u001b[0m\n\u001b[1;32m      8\u001b[0m   \u001b[0mprint\u001b[0m\u001b[0;34m(\u001b[0m\u001b[0;34m\"6.EXIT\"\u001b[0m\u001b[0;34m)\u001b[0m\u001b[0;34m\u001b[0m\u001b[0;34m\u001b[0m\u001b[0m\n\u001b[0;32m----> 9\u001b[0;31m   \u001b[0mchoice\u001b[0m\u001b[0;34m=\u001b[0m\u001b[0minput\u001b[0m\u001b[0;34m(\u001b[0m\u001b[0;34m\"Enter corresponding number of menu to use that specific function: \"\u001b[0m\u001b[0;34m)\u001b[0m\u001b[0;34m\u001b[0m\u001b[0;34m\u001b[0m\u001b[0m\n\u001b[0m\u001b[1;32m     10\u001b[0m   \u001b[0mchoice\u001b[0m\u001b[0;34m=\u001b[0m\u001b[0mint\u001b[0m\u001b[0;34m(\u001b[0m\u001b[0mchoice\u001b[0m\u001b[0;34m)\u001b[0m\u001b[0;34m\u001b[0m\u001b[0;34m\u001b[0m\u001b[0m\n\u001b[1;32m     11\u001b[0m   \u001b[0;32mif\u001b[0m\u001b[0;34m(\u001b[0m\u001b[0mchoice\u001b[0m\u001b[0;34m==\u001b[0m\u001b[0;36m1\u001b[0m\u001b[0;34m)\u001b[0m\u001b[0;34m:\u001b[0m\u001b[0;34m\u001b[0m\u001b[0;34m\u001b[0m\u001b[0m\n","\u001b[0;32m/usr/local/lib/python3.7/dist-packages/ipykernel/kernelbase.py\u001b[0m in \u001b[0;36mraw_input\u001b[0;34m(self, prompt)\u001b[0m\n\u001b[1;32m    702\u001b[0m             \u001b[0mself\u001b[0m\u001b[0;34m.\u001b[0m\u001b[0m_parent_ident\u001b[0m\u001b[0;34m,\u001b[0m\u001b[0;34m\u001b[0m\u001b[0;34m\u001b[0m\u001b[0m\n\u001b[1;32m    703\u001b[0m             \u001b[0mself\u001b[0m\u001b[0;34m.\u001b[0m\u001b[0m_parent_header\u001b[0m\u001b[0;34m,\u001b[0m\u001b[0;34m\u001b[0m\u001b[0;34m\u001b[0m\u001b[0m\n\u001b[0;32m--> 704\u001b[0;31m             \u001b[0mpassword\u001b[0m\u001b[0;34m=\u001b[0m\u001b[0;32mFalse\u001b[0m\u001b[0;34m,\u001b[0m\u001b[0;34m\u001b[0m\u001b[0;34m\u001b[0m\u001b[0m\n\u001b[0m\u001b[1;32m    705\u001b[0m         )\n\u001b[1;32m    706\u001b[0m \u001b[0;34m\u001b[0m\u001b[0m\n","\u001b[0;32m/usr/local/lib/python3.7/dist-packages/ipykernel/kernelbase.py\u001b[0m in \u001b[0;36m_input_request\u001b[0;34m(self, prompt, ident, parent, password)\u001b[0m\n\u001b[1;32m    732\u001b[0m             \u001b[0;32mexcept\u001b[0m \u001b[0mKeyboardInterrupt\u001b[0m\u001b[0;34m:\u001b[0m\u001b[0;34m\u001b[0m\u001b[0;34m\u001b[0m\u001b[0m\n\u001b[1;32m    733\u001b[0m                 \u001b[0;31m# re-raise KeyboardInterrupt, to truncate traceback\u001b[0m\u001b[0;34m\u001b[0m\u001b[0;34m\u001b[0m\u001b[0;34m\u001b[0m\u001b[0m\n\u001b[0;32m--> 734\u001b[0;31m                 \u001b[0;32mraise\u001b[0m \u001b[0mKeyboardInterrupt\u001b[0m\u001b[0;34m\u001b[0m\u001b[0;34m\u001b[0m\u001b[0m\n\u001b[0m\u001b[1;32m    735\u001b[0m             \u001b[0;32melse\u001b[0m\u001b[0;34m:\u001b[0m\u001b[0;34m\u001b[0m\u001b[0;34m\u001b[0m\u001b[0m\n\u001b[1;32m    736\u001b[0m                 \u001b[0;32mbreak\u001b[0m\u001b[0;34m\u001b[0m\u001b[0;34m\u001b[0m\u001b[0m\n","\u001b[0;31mKeyboardInterrupt\u001b[0m: "]}]}]}